Using pre-set license
Built from '2020.3/staging' branch; Version is '2020.3.5f1 (8095aa901b9b) revision 8426922'; Using compiler version '192528614'; Build Type 'Release'
OS: 'Windows 10 Home; OS build 19043.1348; Version 2009; 64bit' Language: 'pl' Physical Memory: 16326 MB
BatchMode: 1, IsHumanControllingUs: 0, StartBugReporterOnCrash: 0, Is64bit: 1, IsPro: 0

 COMMAND LINE ARGUMENTS:
C:\Program Files\Unity\Hub\Editor\2020.3.5f1\Editor\Unity.exe
-adb2
-batchMode
-noUpm
-name
AssetImportWorker0
-projectPath
C:/Users/Mojmira/Desktop/Praca inżynierska/emotion-scenes-vr/HorrorVR
-logFile
Logs/AssetImportWorker0.log
-srvPort
58588
Successfully changed project path to: C:/Users/Mojmira/Desktop/Praca inżynierska/emotion-scenes-vr/HorrorVR
C:/Users/Mojmira/Desktop/Praca inżynierska/emotion-scenes-vr/HorrorVR
Using Asset Import Pipeline V2.
Refreshing native plugins compatible for Editor in 67.68 ms, found 8 plugins.
Preloading 1 native plugins for Editor in 1.01 ms.
Initialize engine version: 2020.3.5f1 (8095aa901b9b)
[Subsystems] Discovering subsystems at path C:/Program Files/Unity/Hub/Editor/2020.3.5f1/Editor/Data/Resources/UnitySubsystems
[Subsystems] Discovering subsystems at path C:/Users/Mojmira/Desktop/Praca inżynierska/emotion-scenes-vr/HorrorVR/Assets
GfxDevice: creating device client; threaded=0
Direct3D:
    Version:  Direct3D 11.0 [level 11.1]
    Renderer: NVIDIA GeForce GTX 1070 (ID=0x1b81)
    Vendor:   
    VRAM:     8088 MB
    Driver:   30.0.14.9676
Initialize mono
Mono path[0] = 'C:/Program Files/Unity/Hub/Editor/2020.3.5f1/Editor/Data/Managed'
Mono path[1] = 'C:/Program Files/Unity/Hub/Editor/2020.3.5f1/Editor/Data/MonoBleedingEdge/lib/mono/unityjit'
Mono config path = 'C:/Program Files/Unity/Hub/Editor/2020.3.5f1/Editor/Data/MonoBleedingEdge/etc'
Using monoOptions --debugger-agent=transport=dt_socket,embedding=1,server=y,suspend=n,address=127.0.0.1:56868
Begin MonoManager ReloadAssembly
Registering precompiled unity dll's ...
Register platform support module: C:/Program Files/Unity/Hub/Editor/2020.3.5f1/Editor/Data/PlaybackEngines/WindowsStandaloneSupport/UnityEditor.WindowsStandalone.Extensions.dll
Registered in 0.003092 seconds.
Native extension for WindowsStandalone target not found
Refreshing native plugins compatible for Editor in 45.66 ms, found 8 plugins.
Preloading 1 native plugins for Editor in 0.17 ms.
Mono: successfully reloaded assembly
- Completed reload, in  2.503 seconds
Platform modules already initialized, skipping
Registering precompiled user dll's ...
Registered in 0.008207 seconds.
Begin MonoManager ReloadAssembly
Native extension for WindowsStandalone target not found
Refreshing native plugins compatible for Editor in 48.17 ms, found 8 plugins.
Preloading 1 native plugins for Editor in 0.18 ms.
[XR] OculusXRPlugin: registering subsystems
[XR] Unable to register display lifecyle provider: [1]
[XR] Oculus Input lifecycle provider registered.
[XR] Unable to register input lifecyle provider: [1]
NullReferenceException: Object reference not set to an instance of an object
  at Unity.XR.Oculus.OculusLoader.AssetPathToAbsolutePath (System.String assetPath) [0x00048] in C:\Users\Mojmira\Desktop\Praca inżynierska\emotion-scenes-vr\HorrorVR\Library\PackageCache\com.unity.xr.oculus@1.9.1\Runtime\OculusLoader.cs:249 
  at Unity.XR.Oculus.OculusLoader.EditorLoadOVRPlugin () [0x0007b] in C:\Users\Mojmira\Desktop\Praca inżynierska\emotion-scenes-vr\HorrorVR\Library\PackageCache\com.unity.xr.oculus@1.9.1\Runtime\OculusLoader.cs:234 

(Filename: Library/PackageCache/com.unity.xr.oculus@1.9.1/Runtime/OculusLoader.cs Line: 249)

Mono: successfully reloaded assembly
- Completed reload, in  1.225 seconds
Platform modules already initialized, skipping
========================================================================
Worker process is ready to serve import requests
Launched and connected shader compiler UnityShaderCompiler.exe after 0.07 seconds
Refreshing native plugins compatible for Editor in 0.55 ms, found 8 plugins.
Preloading 1 native plugins for Editor in 0.13 ms.
Unloading 2179 Unused Serialized files (Serialized files now loaded: 0)
System memory in use before: 100.4 MB.
System memory in use after: 100.3 MB.

Unloading 121 unused Assets to reduce memory usage. Loaded Objects now: 2612.
Total: 2.623700 ms (FindLiveObjects: 0.247400 ms CreateObjectMapping: 0.132500 ms MarkObjects: 2.068300 ms  DeleteObjects: 0.174600 ms)

========================================================================
Received Import Request.
  path: ProjectSettings/TagManager.asset
  artifactKey: Guid(00000000000000003000000000000000) Importer(815301076,1909f56bfc062723c751e8b465ee728b)
Start importing ProjectSettings/TagManager.asset using Guid(00000000000000003000000000000000) Importer(815301076,1909f56bfc062723c751e8b465ee728b)  -> (artifact id: 'c8a5a300470d634fa6e1c55639701ec8') in 0.039800 seconds
  Import took 0.043034 seconds .

========================================================================
Received Prepare
Refreshing native plugins compatible for Editor in 8.57 ms, found 8 plugins.
Preloading 1 native plugins for Editor in 0.12 ms.
Unloading 17 Unused Serialized files (Serialized files now loaded: 0)
System memory in use before: 55.3 MB.
System memory in use after: 55.4 MB.

Unloading 18 unused Assets to reduce memory usage. Loaded Objects now: 2612.
Total: 3.436500 ms (FindLiveObjects: 0.202700 ms CreateObjectMapping: 0.101100 ms MarkObjects: 3.044900 ms  DeleteObjects: 0.086600 ms)

========================================================================
Received Import Request.
  Time since last request: 8.600209 seconds.
  path: Assets/Prefabs/StartRoom.prefab
  artifactKey: Guid(e5cc7c652e4c596478da60701bb1c9d2) Importer(815301076,1909f56bfc062723c751e8b465ee728b)
Start importing Assets/Prefabs/StartRoom.prefab using Guid(e5cc7c652e4c596478da60701bb1c9d2) Importer(815301076,1909f56bfc062723c751e8b465ee728b)  -> (artifact id: '73826177f341e5d020d0da7dfb550025') in 0.139661 seconds
  Import took 0.144953 seconds .

========================================================================
Received Import Request.
  Time since last request: 0.000245 seconds.
  path: Assets/Prefabs/StorageRoom.prefab
  artifactKey: Guid(368dde23b9d1ffa48b880f5af9a2afdf) Importer(815301076,1909f56bfc062723c751e8b465ee728b)
Start importing Assets/Prefabs/StorageRoom.prefab using Guid(368dde23b9d1ffa48b880f5af9a2afdf) Importer(815301076,1909f56bfc062723c751e8b465ee728b)  -> (artifact id: 'f618134fd8040b26ec30724146e9a546') in 0.034752 seconds
  Import took 0.038659 seconds .

========================================================================
Received Import Request.
  Time since last request: 0.000223 seconds.
  path: Assets/Prefabs/Door.prefab
  artifactKey: Guid(26e39676d9093924187cef02be13cab9) Importer(815301076,1909f56bfc062723c751e8b465ee728b)
Start importing Assets/Prefabs/Door.prefab using Guid(26e39676d9093924187cef02be13cab9) Importer(815301076,1909f56bfc062723c751e8b465ee728b)  -> (artifact id: '03516d3a46314012e135a7ce4a0f3216') in 0.015291 seconds
  Import took 0.018906 seconds .

========================================================================
Received Prepare
Registering precompiled user dll's ...
Registered in 0.011269 seconds.
Begin MonoManager ReloadAssembly
Native extension for WindowsStandalone target not found
Refreshing native plugins compatible for Editor in 0.61 ms, found 8 plugins.
Preloading 1 native plugins for Editor in 0.17 ms.
Warning: Annotation not found!
UnityEngine.StackTraceUtility:ExtractStackTrace ()
UnityEditor.ProBuilder.EditorUtility:SetGizmoIconEnabled (System.Type,bool) (at Library/PackageCache/com.unity.probuilder@5.0.3/Editor/EditorCore/EditorUtility.cs:575)
UnityEditor.ProBuilder.HierarchyListener:.cctor () (at Library/PackageCache/com.unity.probuilder@5.0.3/Editor/EditorCore/HierarchyListener.cs:21)
System.Runtime.CompilerServices.RuntimeHelpers:RunClassConstructor (System.RuntimeTypeHandle)
UnityEditor.EditorAssemblies:ProcessInitializeOnLoadAttributes (System.Type[])

[Library/PackageCache/com.unity.probuilder@5.0.3/Editor/EditorCore/EditorUtility.cs line 575]

NullReferenceException: Object reference not set to an instance of an object
  at Unity.XR.Oculus.OculusLoader.AssetPathToAbsolutePath (System.String assetPath) [0x00048] in C:\Users\Mojmira\Desktop\Praca inżynierska\emotion-scenes-vr\HorrorVR\Library\PackageCache\com.unity.xr.oculus@1.9.1\Runtime\OculusLoader.cs:249 
  at Unity.XR.Oculus.OculusLoader.EditorLoadOVRPlugin () [0x0007b] in C:\Users\Mojmira\Desktop\Praca inżynierska\emotion-scenes-vr\HorrorVR\Library\PackageCache\com.unity.xr.oculus@1.9.1\Runtime\OculusLoader.cs:234 

(Filename: Library/PackageCache/com.unity.xr.oculus@1.9.1/Runtime/OculusLoader.cs Line: 249)

Mono: successfully reloaded assembly
- Completed reload, in  1.028 seconds
Platform modules already initialized, skipping
Refreshing native plugins compatible for Editor in 0.59 ms, found 8 plugins.
Preloading 1 native plugins for Editor in 0.13 ms.
Unloading 2128 Unused Serialized files (Serialized files now loaded: 0)
System memory in use before: 96.9 MB.
System memory in use after: 96.9 MB.

Unloading 20 unused Assets to reduce memory usage. Loaded Objects now: 2623.
Total: 2.612700 ms (FindLiveObjects: 0.268100 ms CreateObjectMapping: 0.123100 ms MarkObjects: 2.141300 ms  DeleteObjects: 0.079100 ms)

========================================================================
Received Import Request.
  Time since last request: 71.082538 seconds.
  path: Assets/Prefabs/Door.prefab
  artifactKey: Guid(26e39676d9093924187cef02be13cab9) Importer(815301076,1909f56bfc062723c751e8b465ee728b)
Start importing Assets/Prefabs/Door.prefab using Guid(26e39676d9093924187cef02be13cab9) Importer(815301076,1909f56bfc062723c751e8b465ee728b)  -> (artifact id: '789a830518a909eb4cbecde386187945') in 0.054191 seconds
  Import took 0.058181 seconds .

========================================================================
Received Import Request.
  Time since last request: 0.000189 seconds.
  path: Assets/Prefabs/StartRoom.prefab
  artifactKey: Guid(e5cc7c652e4c596478da60701bb1c9d2) Importer(815301076,1909f56bfc062723c751e8b465ee728b)
Start importing Assets/Prefabs/StartRoom.prefab using Guid(e5cc7c652e4c596478da60701bb1c9d2) Importer(815301076,1909f56bfc062723c751e8b465ee728b)  -> (artifact id: '090e60aea15684e39a912be3f9878493') in 0.087605 seconds
  Import took 0.092898 seconds .

========================================================================
Received Import Request.
  Time since last request: 0.000188 seconds.
  path: Assets/Prefabs/StorageRoom.prefab
  artifactKey: Guid(368dde23b9d1ffa48b880f5af9a2afdf) Importer(815301076,1909f56bfc062723c751e8b465ee728b)
Start importing Assets/Prefabs/StorageRoom.prefab using Guid(368dde23b9d1ffa48b880f5af9a2afdf) Importer(815301076,1909f56bfc062723c751e8b465ee728b)  -> (artifact id: '3aabc316cb1d0daa161b5801674685f9') in 0.031850 seconds
  Import took 0.035913 seconds .

========================================================================
Received Prepare
Registering precompiled user dll's ...
Registered in 0.010369 seconds.
Begin MonoManager ReloadAssembly
Native extension for WindowsStandalone target not found
Refreshing native plugins compatible for Editor in 0.64 ms, found 8 plugins.
Preloading 1 native plugins for Editor in 0.18 ms.
Warning: Annotation not found!
UnityEngine.StackTraceUtility:ExtractStackTrace ()
UnityEditor.ProBuilder.EditorUtility:SetGizmoIconEnabled (System.Type,bool) (at Library/PackageCache/com.unity.probuilder@5.0.3/Editor/EditorCore/EditorUtility.cs:575)
UnityEditor.ProBuilder.HierarchyListener:.cctor () (at Library/PackageCache/com.unity.probuilder@5.0.3/Editor/EditorCore/HierarchyListener.cs:21)
System.Runtime.CompilerServices.RuntimeHelpers:RunClassConstructor (System.RuntimeTypeHandle)
UnityEditor.EditorAssemblies:ProcessInitializeOnLoadAttributes (System.Type[])

[Library/PackageCache/com.unity.probuilder@5.0.3/Editor/EditorCore/EditorUtility.cs line 575]

NullReferenceException: Object reference not set to an instance of an object
  at Unity.XR.Oculus.OculusLoader.AssetPathToAbsolutePath (System.String assetPath) [0x00048] in C:\Users\Mojmira\Desktop\Praca inżynierska\emotion-scenes-vr\HorrorVR\Library\PackageCache\com.unity.xr.oculus@1.9.1\Runtime\OculusLoader.cs:249 
  at Unity.XR.Oculus.OculusLoader.EditorLoadOVRPlugin () [0x0007b] in C:\Users\Mojmira\Desktop\Praca inżynierska\emotion-scenes-vr\HorrorVR\Library\PackageCache\com.unity.xr.oculus@1.9.1\Runtime\OculusLoader.cs:234 

(Filename: Library/PackageCache/com.unity.xr.oculus@1.9.1/Runtime/OculusLoader.cs Line: 249)

Mono: successfully reloaded assembly
- Completed reload, in  1.058 seconds
Platform modules already initialized, skipping
Refreshing native plugins compatible for Editor in 0.59 ms, found 8 plugins.
Preloading 1 native plugins for Editor in 0.13 ms.
Unloading 2128 Unused Serialized files (Serialized files now loaded: 0)
System memory in use before: 97.0 MB.
System memory in use after: 97.0 MB.

Unloading 20 unused Assets to reduce memory usage. Loaded Objects now: 2628.
Total: 2.953200 ms (FindLiveObjects: 0.216500 ms CreateObjectMapping: 0.103900 ms MarkObjects: 2.551200 ms  DeleteObjects: 0.080300 ms)

========================================================================
Received Import Request.
  Time since last request: 103.474326 seconds.
  path: Assets/Prefabs/Door.prefab
  artifactKey: Guid(26e39676d9093924187cef02be13cab9) Importer(815301076,1909f56bfc062723c751e8b465ee728b)
Start importing Assets/Prefabs/Door.prefab using Guid(26e39676d9093924187cef02be13cab9) Importer(815301076,1909f56bfc062723c751e8b465ee728b)  -> (artifact id: 'aa60db61533be330efe50374e419b686') in 0.051653 seconds
  Import took 0.055233 seconds .

========================================================================
Received Import Request.
  Time since last request: 0.000215 seconds.
  path: Assets/Prefabs/StartRoom.prefab
  artifactKey: Guid(e5cc7c652e4c596478da60701bb1c9d2) Importer(815301076,1909f56bfc062723c751e8b465ee728b)
Start importing Assets/Prefabs/StartRoom.prefab using Guid(e5cc7c652e4c596478da60701bb1c9d2) Importer(815301076,1909f56bfc062723c751e8b465ee728b)  -> (artifact id: '38351dae985d1b733853edfc3bc20692') in 0.088179 seconds
  Import took 0.093082 seconds .

========================================================================
Received Import Request.
  Time since last request: 0.000203 seconds.
  path: Assets/Prefabs/StorageRoom.prefab
  artifactKey: Guid(368dde23b9d1ffa48b880f5af9a2afdf) Importer(815301076,1909f56bfc062723c751e8b465ee728b)
Start importing Assets/Prefabs/StorageRoom.prefab using Guid(368dde23b9d1ffa48b880f5af9a2afdf) Importer(815301076,1909f56bfc062723c751e8b465ee728b)  -> (artifact id: '65b9bea1397006919dd38dce46a5d4f8') in 0.030905 seconds
  Import took 0.036633 seconds .

========================================================================
Received Prepare
Registering precompiled user dll's ...
Registered in 0.008533 seconds.
Begin MonoManager ReloadAssembly
Native extension for WindowsStandalone target not found
Refreshing native plugins compatible for Editor in 0.60 ms, found 8 plugins.
Preloading 1 native plugins for Editor in 0.15 ms.
Warning: Annotation not found!
UnityEngine.StackTraceUtility:ExtractStackTrace ()
UnityEditor.ProBuilder.EditorUtility:SetGizmoIconEnabled (System.Type,bool) (at Library/PackageCache/com.unity.probuilder@5.0.3/Editor/EditorCore/EditorUtility.cs:575)
UnityEditor.ProBuilder.HierarchyListener:.cctor () (at Library/PackageCache/com.unity.probuilder@5.0.3/Editor/EditorCore/HierarchyListener.cs:21)
System.Runtime.CompilerServices.RuntimeHelpers:RunClassConstructor (System.RuntimeTypeHandle)
UnityEditor.EditorAssemblies:ProcessInitializeOnLoadAttributes (System.Type[])

[Library/PackageCache/com.unity.probuilder@5.0.3/Editor/EditorCore/EditorUtility.cs line 575]

NullReferenceException: Object reference not set to an instance of an object
  at Unity.XR.Oculus.OculusLoader.AssetPathToAbsolutePath (System.String assetPath) [0x00048] in C:\Users\Mojmira\Desktop\Praca inżynierska\emotion-scenes-vr\HorrorVR\Library\PackageCache\com.unity.xr.oculus@1.9.1\Runtime\OculusLoader.cs:249 
  at Unity.XR.Oculus.OculusLoader.EditorLoadOVRPlugin () [0x0007b] in C:\Users\Mojmira\Desktop\Praca inżynierska\emotion-scenes-vr\HorrorVR\Library\PackageCache\com.unity.xr.oculus@1.9.1\Runtime\OculusLoader.cs:234 

(Filename: Library/PackageCache/com.unity.xr.oculus@1.9.1/Runtime/OculusLoader.cs Line: 249)

Mono: successfully reloaded assembly
- Completed reload, in  1.063 seconds
Platform modules already initialized, skipping
Refreshing native plugins compatible for Editor in 0.60 ms, found 8 plugins.
Preloading 1 native plugins for Editor in 0.13 ms.
Unloading 2128 Unused Serialized files (Serialized files now loaded: 0)
System memory in use before: 97.1 MB.
System memory in use after: 97.2 MB.

Unloading 20 unused Assets to reduce memory usage. Loaded Objects now: 2633.
Total: 2.541900 ms (FindLiveObjects: 0.202900 ms CreateObjectMapping: 0.087300 ms MarkObjects: 2.172900 ms  DeleteObjects: 0.077900 ms)

========================================================================
Received Import Request.
  Time since last request: 105.211900 seconds.
  path: Assets/Prefabs/Door.prefab
  artifactKey: Guid(26e39676d9093924187cef02be13cab9) Importer(815301076,1909f56bfc062723c751e8b465ee728b)
Start importing Assets/Prefabs/Door.prefab using Guid(26e39676d9093924187cef02be13cab9) Importer(815301076,1909f56bfc062723c751e8b465ee728b)  -> (artifact id: 'a3900d8eb01ce85abf85b9d7e8b525e0') in 0.053516 seconds
  Import took 0.057286 seconds .

========================================================================
Received Import Request.
  Time since last request: 0.000236 seconds.
  path: Assets/Prefabs/StartRoom.prefab
  artifactKey: Guid(e5cc7c652e4c596478da60701bb1c9d2) Importer(815301076,1909f56bfc062723c751e8b465ee728b)
Start importing Assets/Prefabs/StartRoom.prefab using Guid(e5cc7c652e4c596478da60701bb1c9d2) Importer(815301076,1909f56bfc062723c751e8b465ee728b)  -> (artifact id: 'ef56bd8cfa193dab85c9e0fea9fc1313') in 0.080715 seconds
  Import took 0.085253 seconds .

========================================================================
Received Import Request.
  Time since last request: 0.000187 seconds.
  path: Assets/Prefabs/StorageRoom.prefab
  artifactKey: Guid(368dde23b9d1ffa48b880f5af9a2afdf) Importer(815301076,1909f56bfc062723c751e8b465ee728b)
Start importing Assets/Prefabs/StorageRoom.prefab using Guid(368dde23b9d1ffa48b880f5af9a2afdf) Importer(815301076,1909f56bfc062723c751e8b465ee728b)  -> (artifact id: '6a785b67bdf7097fe3da4575e28ef15e') in 0.031350 seconds
  Import took 0.035000 seconds .

========================================================================
Received Import Request.
  Time since last request: 2.903584 seconds.
  path: Assets/Prefabs/Door.prefab
  artifactKey: Guid(26e39676d9093924187cef02be13cab9) Importer(815301076,1909f56bfc062723c751e8b465ee728b)
Start importing Assets/Prefabs/Door.prefab using Guid(26e39676d9093924187cef02be13cab9) Importer(815301076,1909f56bfc062723c751e8b465ee728b)  -> (artifact id: 'a80eecf6886b01dc42b728cf159c1298') in 0.012411 seconds
  Import took 0.016293 seconds .

========================================================================
Received Import Request.
  Time since last request: 0.000220 seconds.
  path: Assets/Prefabs/StartRoom.prefab
  artifactKey: Guid(e5cc7c652e4c596478da60701bb1c9d2) Importer(815301076,1909f56bfc062723c751e8b465ee728b)
Start importing Assets/Prefabs/StartRoom.prefab using Guid(e5cc7c652e4c596478da60701bb1c9d2) Importer(815301076,1909f56bfc062723c751e8b465ee728b)  -> (artifact id: '70bf951ba5c704d850d6ae0f2c171d7a') in 0.055785 seconds
  Import took 0.060558 seconds .

========================================================================
Received Import Request.
  Time since last request: 0.000194 seconds.
  path: Assets/Prefabs/StorageRoom.prefab
  artifactKey: Guid(368dde23b9d1ffa48b880f5af9a2afdf) Importer(815301076,1909f56bfc062723c751e8b465ee728b)
Start importing Assets/Prefabs/StorageRoom.prefab using Guid(368dde23b9d1ffa48b880f5af9a2afdf) Importer(815301076,1909f56bfc062723c751e8b465ee728b)  -> (artifact id: '2408af58079496d130dc94e5c4b706a7') in 0.030227 seconds
  Import took 0.034065 seconds .

========================================================================
Received Import Request.
  Time since last request: 6.552303 seconds.
  path: Assets/Prefabs/Door.prefab
  artifactKey: Guid(26e39676d9093924187cef02be13cab9) Importer(815301076,1909f56bfc062723c751e8b465ee728b)
Start importing Assets/Prefabs/Door.prefab using Guid(26e39676d9093924187cef02be13cab9) Importer(815301076,1909f56bfc062723c751e8b465ee728b)  -> (artifact id: '0e70fe106634554c4db964d7658bc609') in 0.013203 seconds
  Import took 0.017060 seconds .

========================================================================
Received Import Request.
  Time since last request: 0.000198 seconds.
  path: Assets/Prefabs/StartRoom.prefab
  artifactKey: Guid(e5cc7c652e4c596478da60701bb1c9d2) Importer(815301076,1909f56bfc062723c751e8b465ee728b)
Start importing Assets/Prefabs/StartRoom.prefab using Guid(e5cc7c652e4c596478da60701bb1c9d2) Importer(815301076,1909f56bfc062723c751e8b465ee728b)  -> (artifact id: 'c99737f5f86722bb689e5c55e5e3a4fd') in 0.056731 seconds
  Import took 0.065769 seconds .

========================================================================
Received Import Request.
  Time since last request: 0.000481 seconds.
  path: Assets/Prefabs/StorageRoom.prefab
  artifactKey: Guid(368dde23b9d1ffa48b880f5af9a2afdf) Importer(815301076,1909f56bfc062723c751e8b465ee728b)
Start importing Assets/Prefabs/StorageRoom.prefab using Guid(368dde23b9d1ffa48b880f5af9a2afdf) Importer(815301076,1909f56bfc062723c751e8b465ee728b)  -> (artifact id: '8f364aae5e9d9eceb4b7b3c563df3258') in 0.028402 seconds
  Import took 0.032272 seconds .

========================================================================
Received Prepare
Registering precompiled user dll's ...
Registered in 0.008796 seconds.
Begin MonoManager ReloadAssembly
Native extension for WindowsStandalone target not found
Refreshing native plugins compatible for Editor in 0.70 ms, found 8 plugins.
Preloading 1 native plugins for Editor in 0.20 ms.
Warning: Annotation not found!
UnityEngine.StackTraceUtility:ExtractStackTrace ()
UnityEditor.ProBuilder.EditorUtility:SetGizmoIconEnabled (System.Type,bool) (at Library/PackageCache/com.unity.probuilder@5.0.3/Editor/EditorCore/EditorUtility.cs:575)
UnityEditor.ProBuilder.HierarchyListener:.cctor () (at Library/PackageCache/com.unity.probuilder@5.0.3/Editor/EditorCore/HierarchyListener.cs:21)
System.Runtime.CompilerServices.RuntimeHelpers:RunClassConstructor (System.RuntimeTypeHandle)
UnityEditor.EditorAssemblies:ProcessInitializeOnLoadAttributes (System.Type[])

[Library/PackageCache/com.unity.probuilder@5.0.3/Editor/EditorCore/EditorUtility.cs line 575]

NullReferenceException: Object reference not set to an instance of an object
  at Unity.XR.Oculus.OculusLoader.AssetPathToAbsolutePath (System.String assetPath) [0x00048] in C:\Users\Mojmira\Desktop\Praca inżynierska\emotion-scenes-vr\HorrorVR\Library\PackageCache\com.unity.xr.oculus@1.9.1\Runtime\OculusLoader.cs:249 
  at Unity.XR.Oculus.OculusLoader.EditorLoadOVRPlugin () [0x0007b] in C:\Users\Mojmira\Desktop\Praca inżynierska\emotion-scenes-vr\HorrorVR\Library\PackageCache\com.unity.xr.oculus@1.9.1\Runtime\OculusLoader.cs:234 

(Filename: Library/PackageCache/com.unity.xr.oculus@1.9.1/Runtime/OculusLoader.cs Line: 249)

Mono: successfully reloaded assembly
- Completed reload, in  1.080 seconds
Platform modules already initialized, skipping
Refreshing native plugins compatible for Editor in 0.73 ms, found 8 plugins.
Preloading 1 native plugins for Editor in 0.17 ms.
Unloading 2128 Unused Serialized files (Serialized files now loaded: 0)
System memory in use before: 97.3 MB.
System memory in use after: 97.3 MB.

Unloading 20 unused Assets to reduce memory usage. Loaded Objects now: 2638.
Total: 3.018200 ms (FindLiveObjects: 0.215100 ms CreateObjectMapping: 0.105800 ms MarkObjects: 2.608500 ms  DeleteObjects: 0.087300 ms)

========================================================================
Received Prepare
Registering precompiled user dll's ...
Registered in 0.010445 seconds.
Begin MonoManager ReloadAssembly
Native extension for WindowsStandalone target not found
Refreshing native plugins compatible for Editor in 0.60 ms, found 8 plugins.
Preloading 1 native plugins for Editor in 0.17 ms.
Warning: Annotation not found!
UnityEngine.StackTraceUtility:ExtractStackTrace ()
UnityEditor.ProBuilder.EditorUtility:SetGizmoIconEnabled (System.Type,bool) (at Library/PackageCache/com.unity.probuilder@5.0.3/Editor/EditorCore/EditorUtility.cs:575)
UnityEditor.ProBuilder.HierarchyListener:.cctor () (at Library/PackageCache/com.unity.probuilder@5.0.3/Editor/EditorCore/HierarchyListener.cs:21)
System.Runtime.CompilerServices.RuntimeHelpers:RunClassConstructor (System.RuntimeTypeHandle)
UnityEditor.EditorAssemblies:ProcessInitializeOnLoadAttributes (System.Type[])

[Library/PackageCache/com.unity.probuilder@5.0.3/Editor/EditorCore/EditorUtility.cs line 575]

NullReferenceException: Object reference not set to an instance of an object
  at Unity.XR.Oculus.OculusLoader.AssetPathToAbsolutePath (System.String assetPath) [0x00048] in C:\Users\Mojmira\Desktop\Praca inżynierska\emotion-scenes-vr\HorrorVR\Library\PackageCache\com.unity.xr.oculus@1.9.1\Runtime\OculusLoader.cs:249 
  at Unity.XR.Oculus.OculusLoader.EditorLoadOVRPlugin () [0x0007b] in C:\Users\Mojmira\Desktop\Praca inżynierska\emotion-scenes-vr\HorrorVR\Library\PackageCache\com.unity.xr.oculus@1.9.1\Runtime\OculusLoader.cs:234 

(Filename: Library/PackageCache/com.unity.xr.oculus@1.9.1/Runtime/OculusLoader.cs Line: 249)

Mono: successfully reloaded assembly
- Completed reload, in  1.048 seconds
Platform modules already initialized, skipping
Refreshing native plugins compatible for Editor in 0.96 ms, found 8 plugins.
Preloading 1 native plugins for Editor in 0.14 ms.
Unloading 2128 Unused Serialized files (Serialized files now loaded: 0)
System memory in use before: 97.3 MB.
System memory in use after: 97.3 MB.

Unloading 20 unused Assets to reduce memory usage. Loaded Objects now: 2642.
Total: 4.899600 ms (FindLiveObjects: 0.226400 ms CreateObjectMapping: 0.089900 ms MarkObjects: 4.497500 ms  DeleteObjects: 0.084500 ms)

========================================================================
Received Prepare
Registering precompiled user dll's ...
Registered in 0.009211 seconds.
Begin MonoManager ReloadAssembly
Native extension for WindowsStandalone target not found
Refreshing native plugins compatible for Editor in 0.59 ms, found 8 plugins.
Preloading 1 native plugins for Editor in 0.14 ms.
Warning: Annotation not found!
UnityEngine.StackTraceUtility:ExtractStackTrace ()
UnityEditor.ProBuilder.EditorUtility:SetGizmoIconEnabled (System.Type,bool) (at Library/PackageCache/com.unity.probuilder@5.0.3/Editor/EditorCore/EditorUtility.cs:575)
UnityEditor.ProBuilder.HierarchyListener:.cctor () (at Library/PackageCache/com.unity.probuilder@5.0.3/Editor/EditorCore/HierarchyListener.cs:21)
System.Runtime.CompilerServices.RuntimeHelpers:RunClassConstructor (System.RuntimeTypeHandle)
UnityEditor.EditorAssemblies:ProcessInitializeOnLoadAttributes (System.Type[])

[Library/PackageCache/com.unity.probuilder@5.0.3/Editor/EditorCore/EditorUtility.cs line 575]

NullReferenceException: Object reference not set to an instance of an object
  at Unity.XR.Oculus.OculusLoader.AssetPathToAbsolutePath (System.String assetPath) [0x00048] in C:\Users\Mojmira\Desktop\Praca inżynierska\emotion-scenes-vr\HorrorVR\Library\PackageCache\com.unity.xr.oculus@1.9.1\Runtime\OculusLoader.cs:249 
  at Unity.XR.Oculus.OculusLoader.EditorLoadOVRPlugin () [0x0007b] in C:\Users\Mojmira\Desktop\Praca inżynierska\emotion-scenes-vr\HorrorVR\Library\PackageCache\com.unity.xr.oculus@1.9.1\Runtime\OculusLoader.cs:234 

(Filename: Library/PackageCache/com.unity.xr.oculus@1.9.1/Runtime/OculusLoader.cs Line: 249)

Mono: successfully reloaded assembly
- Completed reload, in  1.033 seconds
Platform modules already initialized, skipping
Refreshing native plugins compatible for Editor in 0.60 ms, found 8 plugins.
Preloading 1 native plugins for Editor in 0.13 ms.
Unloading 2128 Unused Serialized files (Serialized files now loaded: 0)
System memory in use before: 97.3 MB.
System memory in use after: 97.3 MB.

Unloading 20 unused Assets to reduce memory usage. Loaded Objects now: 2646.
Total: 2.847200 ms (FindLiveObjects: 0.269300 ms CreateObjectMapping: 0.101800 ms MarkObjects: 2.396000 ms  DeleteObjects: 0.078500 ms)

========================================================================
Received Import Request.
  Time since last request: 357.050619 seconds.
  path: Assets/Prefabs/Door.prefab
  artifactKey: Guid(26e39676d9093924187cef02be13cab9) Importer(815301076,1909f56bfc062723c751e8b465ee728b)
Start importing Assets/Prefabs/Door.prefab using Guid(26e39676d9093924187cef02be13cab9) Importer(815301076,1909f56bfc062723c751e8b465ee728b)  -> (artifact id: '0898f457e22fc96c6454357397ad875c') in 0.059327 seconds
  Import took 0.063341 seconds .

========================================================================
Received Import Request.
  Time since last request: 0.000191 seconds.
  path: Assets/Prefabs/StartRoom.prefab
  artifactKey: Guid(e5cc7c652e4c596478da60701bb1c9d2) Importer(815301076,1909f56bfc062723c751e8b465ee728b)
Start importing Assets/Prefabs/StartRoom.prefab using Guid(e5cc7c652e4c596478da60701bb1c9d2) Importer(815301076,1909f56bfc062723c751e8b465ee728b)  -> (artifact id: '61b6f4aad2430a74b35a25b7929e88e9') in 0.084864 seconds
  Import took 0.089424 seconds .

========================================================================
Received Import Request.
  Time since last request: 0.000220 seconds.
  path: Assets/Prefabs/StorageRoom.prefab
  artifactKey: Guid(368dde23b9d1ffa48b880f5af9a2afdf) Importer(815301076,1909f56bfc062723c751e8b465ee728b)
Start importing Assets/Prefabs/StorageRoom.prefab using Guid(368dde23b9d1ffa48b880f5af9a2afdf) Importer(815301076,1909f56bfc062723c751e8b465ee728b)  -> (artifact id: 'd700752ea9da09411f90c3bcde30c201') in 0.032468 seconds
  Import took 0.036563 seconds .

========================================================================
Received Import Request.
  Time since last request: 7.283059 seconds.
  path: Assets/Prefabs/Door.prefab
  artifactKey: Guid(26e39676d9093924187cef02be13cab9) Importer(815301076,1909f56bfc062723c751e8b465ee728b)
Start importing Assets/Prefabs/Door.prefab using Guid(26e39676d9093924187cef02be13cab9) Importer(815301076,1909f56bfc062723c751e8b465ee728b)  -> (artifact id: '4efb04813aa3aa58d503c08d20ba37e3') in 0.013148 seconds
  Import took 0.017054 seconds .

========================================================================
Received Import Request.
  Time since last request: 0.000191 seconds.
  path: Assets/Prefabs/StartRoom.prefab
  artifactKey: Guid(e5cc7c652e4c596478da60701bb1c9d2) Importer(815301076,1909f56bfc062723c751e8b465ee728b)
Start importing Assets/Prefabs/StartRoom.prefab using Guid(e5cc7c652e4c596478da60701bb1c9d2) Importer(815301076,1909f56bfc062723c751e8b465ee728b)  -> (artifact id: 'c12e61a51ceda0060acbb8fca7565ef2') in 0.058321 seconds
  Import took 0.063839 seconds .

========================================================================
Received Import Request.
  Time since last request: 0.000176 seconds.
  path: Assets/Prefabs/StorageRoom.prefab
  artifactKey: Guid(368dde23b9d1ffa48b880f5af9a2afdf) Importer(815301076,1909f56bfc062723c751e8b465ee728b)
Start importing Assets/Prefabs/StorageRoom.prefab using Guid(368dde23b9d1ffa48b880f5af9a2afdf) Importer(815301076,1909f56bfc062723c751e8b465ee728b)  -> (artifact id: 'a2d61ccc32b8044ae8e4a7b713dcdc7a') in 0.030962 seconds
  Import took 0.034847 seconds .

========================================================================
Received Prepare
Registering precompiled user dll's ...
Registered in 0.011805 seconds.
Begin MonoManager ReloadAssembly
Native extension for WindowsStandalone target not found
Refreshing native plugins compatible for Editor in 0.69 ms, found 8 plugins.
Preloading 1 native plugins for Editor in 0.18 ms.
Warning: Annotation not found!
UnityEngine.StackTraceUtility:ExtractStackTrace ()
UnityEditor.ProBuilder.EditorUtility:SetGizmoIconEnabled (System.Type,bool) (at Library/PackageCache/com.unity.probuilder@5.0.3/Editor/EditorCore/EditorUtility.cs:575)
UnityEditor.ProBuilder.HierarchyListener:.cctor () (at Library/PackageCache/com.unity.probuilder@5.0.3/Editor/EditorCore/HierarchyListener.cs:21)
System.Runtime.CompilerServices.RuntimeHelpers:RunClassConstructor (System.RuntimeTypeHandle)
UnityEditor.EditorAssemblies:ProcessInitializeOnLoadAttributes (System.Type[])

[Library/PackageCache/com.unity.probuilder@5.0.3/Editor/EditorCore/EditorUtility.cs line 575]

NullReferenceException: Object reference not set to an instance of an object
  at Unity.XR.Oculus.OculusLoader.AssetPathToAbsolutePath (System.String assetPath) [0x00048] in C:\Users\Mojmira\Desktop\Praca inżynierska\emotion-scenes-vr\HorrorVR\Library\PackageCache\com.unity.xr.oculus@1.9.1\Runtime\OculusLoader.cs:249 
  at Unity.XR.Oculus.OculusLoader.EditorLoadOVRPlugin () [0x0007b] in C:\Users\Mojmira\Desktop\Praca inżynierska\emotion-scenes-vr\HorrorVR\Library\PackageCache\com.unity.xr.oculus@1.9.1\Runtime\OculusLoader.cs:234 

(Filename: Library/PackageCache/com.unity.xr.oculus@1.9.1/Runtime/OculusLoader.cs Line: 249)

Mono: successfully reloaded assembly
- Completed reload, in  1.066 seconds
Platform modules already initialized, skipping
Refreshing native plugins compatible for Editor in 0.61 ms, found 8 plugins.
Preloading 1 native plugins for Editor in 0.16 ms.
Unloading 2128 Unused Serialized files (Serialized files now loaded: 0)
System memory in use before: 97.5 MB.
System memory in use after: 97.6 MB.

Unloading 20 unused Assets to reduce memory usage. Loaded Objects now: 2651.
Total: 2.466700 ms (FindLiveObjects: 0.213100 ms CreateObjectMapping: 0.094200 ms MarkObjects: 2.076300 ms  DeleteObjects: 0.081600 ms)

========================================================================
Received Import Request.
  Time since last request: 1010.344910 seconds.
  path: Assets/Prefabs/Door.prefab
  artifactKey: Guid(26e39676d9093924187cef02be13cab9) Importer(815301076,1909f56bfc062723c751e8b465ee728b)
Start importing Assets/Prefabs/Door.prefab using Guid(26e39676d9093924187cef02be13cab9) Importer(815301076,1909f56bfc062723c751e8b465ee728b)  -> (artifact id: '13434e506df73f25a3b6541daa479fcc') in 0.053918 seconds
  Import took 0.058061 seconds .

========================================================================
Received Import Request.
  Time since last request: 0.000234 seconds.
  path: Assets/Prefabs/StartRoom.prefab
  artifactKey: Guid(e5cc7c652e4c596478da60701bb1c9d2) Importer(815301076,1909f56bfc062723c751e8b465ee728b)
Start importing Assets/Prefabs/StartRoom.prefab using Guid(e5cc7c652e4c596478da60701bb1c9d2) Importer(815301076,1909f56bfc062723c751e8b465ee728b)  -> (artifact id: '0cd22dab9ac7ee48d10410316ce371b1') in 0.083911 seconds
  Import took 0.088447 seconds .

========================================================================
Received Import Request.
  Time since last request: 0.000273 seconds.
  path: Assets/Prefabs/StorageRoom.prefab
  artifactKey: Guid(368dde23b9d1ffa48b880f5af9a2afdf) Importer(815301076,1909f56bfc062723c751e8b465ee728b)
Start importing Assets/Prefabs/StorageRoom.prefab using Guid(368dde23b9d1ffa48b880f5af9a2afdf) Importer(815301076,1909f56bfc062723c751e8b465ee728b)  -> (artifact id: 'f793211519d3a54ff09f94355fbfbdf3') in 0.032062 seconds
  Import took 0.035851 seconds .

========================================================================
Received Import Request.
  Time since last request: 17.811160 seconds.
  path: Assets/Prefabs/Door.prefab
  artifactKey: Guid(26e39676d9093924187cef02be13cab9) Importer(815301076,1909f56bfc062723c751e8b465ee728b)
Start importing Assets/Prefabs/Door.prefab using Guid(26e39676d9093924187cef02be13cab9) Importer(815301076,1909f56bfc062723c751e8b465ee728b)  -> (artifact id: '4301bf432c32801bb4de3f03a61536df') in 0.014030 seconds
  Import took 0.017777 seconds .

========================================================================
Received Import Request.
  Time since last request: 0.000298 seconds.
  path: Assets/Prefabs/StartRoom.prefab
  artifactKey: Guid(e5cc7c652e4c596478da60701bb1c9d2) Importer(815301076,1909f56bfc062723c751e8b465ee728b)
Start importing Assets/Prefabs/StartRoom.prefab using Guid(e5cc7c652e4c596478da60701bb1c9d2) Importer(815301076,1909f56bfc062723c751e8b465ee728b)  -> (artifact id: 'eeb77cc014904f9cda81cd429136ede9') in 0.062040 seconds
  Import took 0.067178 seconds .

========================================================================
Received Import Request.
  Time since last request: 0.000227 seconds.
  path: Assets/Prefabs/StorageRoom.prefab
  artifactKey: Guid(368dde23b9d1ffa48b880f5af9a2afdf) Importer(815301076,1909f56bfc062723c751e8b465ee728b)
Start importing Assets/Prefabs/StorageRoom.prefab using Guid(368dde23b9d1ffa48b880f5af9a2afdf) Importer(815301076,1909f56bfc062723c751e8b465ee728b)  -> (artifact id: '7a7dcd873c89388dfdc78d2d7a40d3c5') in 0.030812 seconds
  Import took 0.034783 seconds .

========================================================================
Received Prepare
Registering precompiled user dll's ...
Registered in 0.008205 seconds.
Begin MonoManager ReloadAssembly
Native extension for WindowsStandalone target not found
Refreshing native plugins compatible for Editor in 0.62 ms, found 8 plugins.
Preloading 1 native plugins for Editor in 0.16 ms.
Warning: Annotation not found!
UnityEngine.StackTraceUtility:ExtractStackTrace ()
UnityEditor.ProBuilder.EditorUtility:SetGizmoIconEnabled (System.Type,bool) (at Library/PackageCache/com.unity.probuilder@5.0.3/Editor/EditorCore/EditorUtility.cs:575)
UnityEditor.ProBuilder.HierarchyListener:.cctor () (at Library/PackageCache/com.unity.probuilder@5.0.3/Editor/EditorCore/HierarchyListener.cs:21)
System.Runtime.CompilerServices.RuntimeHelpers:RunClassConstructor (System.RuntimeTypeHandle)
UnityEditor.EditorAssemblies:ProcessInitializeOnLoadAttributes (System.Type[])

[Library/PackageCache/com.unity.probuilder@5.0.3/Editor/EditorCore/EditorUtility.cs line 575]

NullReferenceException: Object reference not set to an instance of an object
  at Unity.XR.Oculus.OculusLoader.AssetPathToAbsolutePath (System.String assetPath) [0x00048] in C:\Users\Mojmira\Desktop\Praca inżynierska\emotion-scenes-vr\HorrorVR\Library\PackageCache\com.unity.xr.oculus@1.9.1\Runtime\OculusLoader.cs:249 
  at Unity.XR.Oculus.OculusLoader.EditorLoadOVRPlugin () [0x0007b] in C:\Users\Mojmira\Desktop\Praca inżynierska\emotion-scenes-vr\HorrorVR\Library\PackageCache\com.unity.xr.oculus@1.9.1\Runtime\OculusLoader.cs:234 

(Filename: Library/PackageCache/com.unity.xr.oculus@1.9.1/Runtime/OculusLoader.cs Line: 249)

Mono: successfully reloaded assembly
- Completed reload, in  1.038 seconds
Platform modules already initialized, skipping
Refreshing native plugins compatible for Editor in 0.68 ms, found 8 plugins.
Preloading 1 native plugins for Editor in 0.13 ms.
Unloading 2128 Unused Serialized files (Serialized files now loaded: 0)
System memory in use before: 97.5 MB.
System memory in use after: 97.6 MB.

Unloading 20 unused Assets to reduce memory usage. Loaded Objects now: 2656.
Total: 2.825600 ms (FindLiveObjects: 0.194200 ms CreateObjectMapping: 0.082000 ms MarkObjects: 2.464800 ms  DeleteObjects: 0.083500 ms)

========================================================================
Received Import Request.
  Time since last request: 174.208635 seconds.
  path: Assets/Scripts/RoomManager.cs
  artifactKey: Guid(f5c1fd95201ef254cbadcf2e134f6b5f) Importer(815301076,1909f56bfc062723c751e8b465ee728b)
Start importing Assets/Scripts/RoomManager.cs using Guid(f5c1fd95201ef254cbadcf2e134f6b5f) Importer(815301076,1909f56bfc062723c751e8b465ee728b)  -> (artifact id: '9709fea19b17736ca63bcefc5a216881') in 0.016447 seconds
  Import took 0.020241 seconds .

========================================================================
Received Import Request.
  Time since last request: 1.873981 seconds.
  path: Assets/Scripts/DoorButton.cs
  artifactKey: Guid(6ee9affbba20cdb4d89179195a0c5373) Importer(815301076,1909f56bfc062723c751e8b465ee728b)
Start importing Assets/Scripts/DoorButton.cs using Guid(6ee9affbba20cdb4d89179195a0c5373) Importer(815301076,1909f56bfc062723c751e8b465ee728b)  -> (artifact id: 'e6ec5bc6342db465c6fa123e139e5c64') in 0.004366 seconds
  Import took 0.007790 seconds .

========================================================================
Received Import Request.
  Time since last request: 0.000890 seconds.
  path: Assets/Scripts/DoorButton.cs
  artifactKey: Guid(6ee9affbba20cdb4d89179195a0c5373) Importer(815301076,1909f56bfc062723c751e8b465ee728b)
Start importing Assets/Scripts/DoorButton.cs using Guid(6ee9affbba20cdb4d89179195a0c5373) Importer(815301076,1909f56bfc062723c751e8b465ee728b)  -> (artifact id: 'e6ec5bc6342db465c6fa123e139e5c64') in 0.004523 seconds
  Import took 0.008037 seconds .

========================================================================
Received Prepare
Registering precompiled user dll's ...
Registered in 0.016875 seconds.
Begin MonoManager ReloadAssembly
Native extension for WindowsStandalone target not found
Refreshing native plugins compatible for Editor in 0.60 ms, found 8 plugins.
Preloading 1 native plugins for Editor in 0.18 ms.
Warning: Annotation not found!
UnityEngine.StackTraceUtility:ExtractStackTrace ()
UnityEditor.ProBuilder.EditorUtility:SetGizmoIconEnabled (System.Type,bool) (at Library/PackageCache/com.unity.probuilder@5.0.3/Editor/EditorCore/EditorUtility.cs:575)
UnityEditor.ProBuilder.HierarchyListener:.cctor () (at Library/PackageCache/com.unity.probuilder@5.0.3/Editor/EditorCore/HierarchyListener.cs:21)
System.Runtime.CompilerServices.RuntimeHelpers:RunClassConstructor (System.RuntimeTypeHandle)
UnityEditor.EditorAssemblies:ProcessInitializeOnLoadAttributes (System.Type[])

[Library/PackageCache/com.unity.probuilder@5.0.3/Editor/EditorCore/EditorUtility.cs line 575]

NullReferenceException: Object reference not set to an instance of an object
  at Unity.XR.Oculus.OculusLoader.AssetPathToAbsolutePath (System.String assetPath) [0x00048] in C:\Users\Mojmira\Desktop\Praca inżynierska\emotion-scenes-vr\HorrorVR\Library\PackageCache\com.unity.xr.oculus@1.9.1\Runtime\OculusLoader.cs:249 
  at Unity.XR.Oculus.OculusLoader.EditorLoadOVRPlugin () [0x0007b] in C:\Users\Mojmira\Desktop\Praca inżynierska\emotion-scenes-vr\HorrorVR\Library\PackageCache\com.unity.xr.oculus@1.9.1\Runtime\OculusLoader.cs:234 

(Filename: Library/PackageCache/com.unity.xr.oculus@1.9.1/Runtime/OculusLoader.cs Line: 249)

Mono: successfully reloaded assembly
- Completed reload, in  1.027 seconds
Platform modules already initialized, skipping
Refreshing native plugins compatible for Editor in 0.59 ms, found 8 plugins.
Preloading 1 native plugins for Editor in 0.13 ms.
Unloading 2128 Unused Serialized files (Serialized files now loaded: 0)
System memory in use before: 97.5 MB.
System memory in use after: 97.6 MB.

Unloading 20 unused Assets to reduce memory usage. Loaded Objects now: 2660.
Total: 2.617400 ms (FindLiveObjects: 0.224900 ms CreateObjectMapping: 0.095400 ms MarkObjects: 2.215800 ms  DeleteObjects: 0.079800 ms)

========================================================================
Received Import Request.
  Time since last request: 166.707358 seconds.
  path: Assets/Scripts/DoorButton.cs
  artifactKey: Guid(6ee9affbba20cdb4d89179195a0c5373) Importer(815301076,1909f56bfc062723c751e8b465ee728b)
Start importing Assets/Scripts/DoorButton.cs using Guid(6ee9affbba20cdb4d89179195a0c5373) Importer(815301076,1909f56bfc062723c751e8b465ee728b)  -> (artifact id: '6277c4ddc02f9ab1e095bdfe3a9e888c') in 0.005578 seconds
  Import took 0.008759 seconds .

========================================================================
Received Prepare
Registering precompiled user dll's ...
Registered in 0.009426 seconds.
Begin MonoManager ReloadAssembly
Native extension for WindowsStandalone target not found
Refreshing native plugins compatible for Editor in 0.59 ms, found 8 plugins.
Preloading 1 native plugins for Editor in 0.15 ms.
Warning: Annotation not found!
UnityEngine.StackTraceUtility:ExtractStackTrace ()
UnityEditor.ProBuilder.EditorUtility:SetGizmoIconEnabled (System.Type,bool) (at Library/PackageCache/com.unity.probuilder@5.0.3/Editor/EditorCore/EditorUtility.cs:575)
UnityEditor.ProBuilder.HierarchyListener:.cctor () (at Library/PackageCache/com.unity.probuilder@5.0.3/Editor/EditorCore/HierarchyListener.cs:21)
System.Runtime.CompilerServices.RuntimeHelpers:RunClassConstructor (System.RuntimeTypeHandle)
UnityEditor.EditorAssemblies:ProcessInitializeOnLoadAttributes (System.Type[])

[Library/PackageCache/com.unity.probuilder@5.0.3/Editor/EditorCore/EditorUtility.cs line 575]

NullReferenceException: Object reference not set to an instance of an object
  at Unity.XR.Oculus.OculusLoader.AssetPathToAbsolutePath (System.String assetPath) [0x00048] in C:\Users\Mojmira\Desktop\Praca inżynierska\emotion-scenes-vr\HorrorVR\Library\PackageCache\com.unity.xr.oculus@1.9.1\Runtime\OculusLoader.cs:249 
  at Unity.XR.Oculus.OculusLoader.EditorLoadOVRPlugin () [0x0007b] in C:\Users\Mojmira\Desktop\Praca inżynierska\emotion-scenes-vr\HorrorVR\Library\PackageCache\com.unity.xr.oculus@1.9.1\Runtime\OculusLoader.cs:234 

(Filename: Library/PackageCache/com.unity.xr.oculus@1.9.1/Runtime/OculusLoader.cs Line: 249)

Mono: successfully reloaded assembly
- Completed reload, in  1.040 seconds
Platform modules already initialized, skipping
Refreshing native plugins compatible for Editor in 0.60 ms, found 8 plugins.
Preloading 1 native plugins for Editor in 0.12 ms.
Unloading 2128 Unused Serialized files (Serialized files now loaded: 0)
System memory in use before: 97.7 MB.
System memory in use after: 97.7 MB.

Unloading 20 unused Assets to reduce memory usage. Loaded Objects now: 2664.
Total: 2.668800 ms (FindLiveObjects: 0.193700 ms CreateObjectMapping: 0.084100 ms MarkObjects: 2.301300 ms  DeleteObjects: 0.088600 ms)

========================================================================
Received Prepare
Registering precompiled user dll's ...
Registered in 0.008847 seconds.
Begin MonoManager ReloadAssembly
Native extension for WindowsStandalone target not found
Refreshing native plugins compatible for Editor in 0.66 ms, found 8 plugins.
Preloading 1 native plugins for Editor in 0.14 ms.
Warning: Annotation not found!
UnityEngine.StackTraceUtility:ExtractStackTrace ()
UnityEditor.ProBuilder.EditorUtility:SetGizmoIconEnabled (System.Type,bool) (at Library/PackageCache/com.unity.probuilder@5.0.3/Editor/EditorCore/EditorUtility.cs:575)
UnityEditor.ProBuilder.HierarchyListener:.cctor () (at Library/PackageCache/com.unity.probuilder@5.0.3/Editor/EditorCore/HierarchyListener.cs:21)
System.Runtime.CompilerServices.RuntimeHelpers:RunClassConstructor (System.RuntimeTypeHandle)
UnityEditor.EditorAssemblies:ProcessInitializeOnLoadAttributes (System.Type[])

[Library/PackageCache/com.unity.probuilder@5.0.3/Editor/EditorCore/EditorUtility.cs line 575]

NullReferenceException: Object reference not set to an instance of an object
  at Unity.XR.Oculus.OculusLoader.AssetPathToAbsolutePath (System.String assetPath) [0x00048] in C:\Users\Mojmira\Desktop\Praca inżynierska\emotion-scenes-vr\HorrorVR\Library\PackageCache\com.unity.xr.oculus@1.9.1\Runtime\OculusLoader.cs:249 
  at Unity.XR.Oculus.OculusLoader.EditorLoadOVRPlugin () [0x0007b] in C:\Users\Mojmira\Desktop\Praca inżynierska\emotion-scenes-vr\HorrorVR\Library\PackageCache\com.unity.xr.oculus@1.9.1\Runtime\OculusLoader.cs:234 

(Filename: Library/PackageCache/com.unity.xr.oculus@1.9.1/Runtime/OculusLoader.cs Line: 249)

Mono: successfully reloaded assembly
- Completed reload, in  1.014 seconds
Platform modules already initialized, skipping
Refreshing native plugins compatible for Editor in 0.59 ms, found 8 plugins.
Preloading 1 native plugins for Editor in 0.13 ms.
Unloading 2128 Unused Serialized files (Serialized files now loaded: 0)
System memory in use before: 97.7 MB.
System memory in use after: 97.7 MB.

Unloading 20 unused Assets to reduce memory usage. Loaded Objects now: 2668.
Total: 2.791800 ms (FindLiveObjects: 0.302200 ms CreateObjectMapping: 0.119400 ms MarkObjects: 2.280800 ms  DeleteObjects: 0.088200 ms)

========================================================================
Received Prepare
Registering precompiled user dll's ...
Registered in 0.008761 seconds.
Begin MonoManager ReloadAssembly
Native extension for WindowsStandalone target not found
Refreshing native plugins compatible for Editor in 0.68 ms, found 8 plugins.
Preloading 1 native plugins for Editor in 0.19 ms.
Warning: Annotation not found!
UnityEngine.StackTraceUtility:ExtractStackTrace ()
UnityEditor.ProBuilder.EditorUtility:SetGizmoIconEnabled (System.Type,bool) (at Library/PackageCache/com.unity.probuilder@5.0.3/Editor/EditorCore/EditorUtility.cs:575)
UnityEditor.ProBuilder.HierarchyListener:.cctor () (at Library/PackageCache/com.unity.probuilder@5.0.3/Editor/EditorCore/HierarchyListener.cs:21)
System.Runtime.CompilerServices.RuntimeHelpers:RunClassConstructor (System.RuntimeTypeHandle)
UnityEditor.EditorAssemblies:ProcessInitializeOnLoadAttributes (System.Type[])

[Library/PackageCache/com.unity.probuilder@5.0.3/Editor/EditorCore/EditorUtility.cs line 575]

NullReferenceException: Object reference not set to an instance of an object
  at Unity.XR.Oculus.OculusLoader.AssetPathToAbsolutePath (System.String assetPath) [0x00048] in C:\Users\Mojmira\Desktop\Praca inżynierska\emotion-scenes-vr\HorrorVR\Library\PackageCache\com.unity.xr.oculus@1.9.1\Runtime\OculusLoader.cs:249 
  at Unity.XR.Oculus.OculusLoader.EditorLoadOVRPlugin () [0x0007b] in C:\Users\Mojmira\Desktop\Praca inżynierska\emotion-scenes-vr\HorrorVR\Library\PackageCache\com.unity.xr.oculus@1.9.1\Runtime\OculusLoader.cs:234 

(Filename: Library/PackageCache/com.unity.xr.oculus@1.9.1/Runtime/OculusLoader.cs Line: 249)

Mono: successfully reloaded assembly
- Completed reload, in  1.270 seconds
Platform modules already initialized, skipping
Refreshing native plugins compatible for Editor in 0.74 ms, found 8 plugins.
Preloading 1 native plugins for Editor in 0.18 ms.
Unloading 2128 Unused Serialized files (Serialized files now loaded: 0)
System memory in use before: 97.7 MB.
System memory in use after: 97.7 MB.

Unloading 20 unused Assets to reduce memory usage. Loaded Objects now: 2672.
Total: 3.000100 ms (FindLiveObjects: 0.303100 ms CreateObjectMapping: 0.120500 ms MarkObjects: 2.500400 ms  DeleteObjects: 0.074600 ms)

========================================================================
Received Import Request.
  Time since last request: 270.523289 seconds.
  path: Assets/Prefabs/StartRoom.prefab
  artifactKey: Guid(e5cc7c652e4c596478da60701bb1c9d2) Importer(815301076,1909f56bfc062723c751e8b465ee728b)
Start importing Assets/Prefabs/StartRoom.prefab using Guid(e5cc7c652e4c596478da60701bb1c9d2) Importer(815301076,1909f56bfc062723c751e8b465ee728b)  -> (artifact id: '2078be66b5b8657cb48518835c409208') in 0.148297 seconds
  Import took 0.153897 seconds .

========================================================================
Received Import Request.
  Time since last request: 0.000194 seconds.
  path: Assets/Prefabs/StorageRoom.prefab
  artifactKey: Guid(368dde23b9d1ffa48b880f5af9a2afdf) Importer(815301076,1909f56bfc062723c751e8b465ee728b)
Start importing Assets/Prefabs/StorageRoom.prefab using Guid(368dde23b9d1ffa48b880f5af9a2afdf) Importer(815301076,1909f56bfc062723c751e8b465ee728b)  -> (artifact id: '1f6af2129258330d8616b696701ee9a6') in 0.032676 seconds
  Import took 0.036929 seconds .

========================================================================
Received Import Request.
  Time since last request: 0.000210 seconds.
  path: Assets/Prefabs/Door.prefab
  artifactKey: Guid(26e39676d9093924187cef02be13cab9) Importer(815301076,1909f56bfc062723c751e8b465ee728b)
Start importing Assets/Prefabs/Door.prefab using Guid(26e39676d9093924187cef02be13cab9) Importer(815301076,1909f56bfc062723c751e8b465ee728b)  -> (artifact id: '71392231c5ae1e9b38fa077a250767e9') in 0.013458 seconds
  Import took 0.016924 seconds .

========================================================================
Received Import Request.
  Time since last request: 20.137183 seconds.
  path: Assets/Prefabs/Door.prefab
  artifactKey: Guid(26e39676d9093924187cef02be13cab9) Importer(815301076,1909f56bfc062723c751e8b465ee728b)
Start importing Assets/Prefabs/Door.prefab using Guid(26e39676d9093924187cef02be13cab9) Importer(815301076,1909f56bfc062723c751e8b465ee728b)  -> (artifact id: '2ead5a97217ecc4b6682e4573cfe6614') in 0.025931 seconds
  Import took 0.030673 seconds .

========================================================================
Received Import Request.
  Time since last request: 0.000218 seconds.
  path: Assets/Prefabs/StartRoom.prefab
  artifactKey: Guid(e5cc7c652e4c596478da60701bb1c9d2) Importer(815301076,1909f56bfc062723c751e8b465ee728b)
Start importing Assets/Prefabs/StartRoom.prefab using Guid(e5cc7c652e4c596478da60701bb1c9d2) Importer(815301076,1909f56bfc062723c751e8b465ee728b)  -> (artifact id: 'aaac4ae79c269023efb17142da4f1e5e') in 0.063897 seconds
  Import took 0.069876 seconds .

========================================================================
Received Import Request.
  Time since last request: 0.000190 seconds.
  path: Assets/Prefabs/StorageRoom.prefab
  artifactKey: Guid(368dde23b9d1ffa48b880f5af9a2afdf) Importer(815301076,1909f56bfc062723c751e8b465ee728b)
Start importing Assets/Prefabs/StorageRoom.prefab using Guid(368dde23b9d1ffa48b880f5af9a2afdf) Importer(815301076,1909f56bfc062723c751e8b465ee728b)  -> (artifact id: 'ff630653ea4407718098681f7cadfeb0') in 0.031015 seconds
  Import took 0.040085 seconds .

========================================================================
Received Import Request.
  Time since last request: 5.892601 seconds.
  path: Assets/Prefabs/Door.prefab
  artifactKey: Guid(26e39676d9093924187cef02be13cab9) Importer(815301076,1909f56bfc062723c751e8b465ee728b)
Start importing Assets/Prefabs/Door.prefab using Guid(26e39676d9093924187cef02be13cab9) Importer(815301076,1909f56bfc062723c751e8b465ee728b)  -> (artifact id: 'daf53889d81befd318e35a7a59365f23') in 0.015558 seconds
  Import took 0.019293 seconds .

========================================================================
Received Import Request.
  Time since last request: 0.000264 seconds.
  path: Assets/Prefabs/StartRoom.prefab
  artifactKey: Guid(e5cc7c652e4c596478da60701bb1c9d2) Importer(815301076,1909f56bfc062723c751e8b465ee728b)
Start importing Assets/Prefabs/StartRoom.prefab using Guid(e5cc7c652e4c596478da60701bb1c9d2) Importer(815301076,1909f56bfc062723c751e8b465ee728b)  -> (artifact id: '03228755b213a64bbe5f0c00f5d5acd7') in 0.065602 seconds
  Import took 0.071095 seconds .

========================================================================
Received Import Request.
  Time since last request: 0.000198 seconds.
  path: Assets/Prefabs/StorageRoom.prefab
  artifactKey: Guid(368dde23b9d1ffa48b880f5af9a2afdf) Importer(815301076,1909f56bfc062723c751e8b465ee728b)
Start importing Assets/Prefabs/StorageRoom.prefab using Guid(368dde23b9d1ffa48b880f5af9a2afdf) Importer(815301076,1909f56bfc062723c751e8b465ee728b)  -> (artifact id: '4a457a8ee8899ff7c5507998483cb987') in 0.033130 seconds
  Import took 0.038020 seconds .

========================================================================
Received Import Request.
  Time since last request: 17.199205 seconds.
  path: Assets/Prefabs/Door.prefab
  artifactKey: Guid(26e39676d9093924187cef02be13cab9) Importer(815301076,1909f56bfc062723c751e8b465ee728b)
Start importing Assets/Prefabs/Door.prefab using Guid(26e39676d9093924187cef02be13cab9) Importer(815301076,1909f56bfc062723c751e8b465ee728b)  -> (artifact id: 'e9fedb10a272b3634ebc95db419987ee') in 0.015696 seconds
  Import took 0.019351 seconds .

========================================================================
Received Import Request.
  Time since last request: 0.000239 seconds.
  path: Assets/Prefabs/StartRoom.prefab
  artifactKey: Guid(e5cc7c652e4c596478da60701bb1c9d2) Importer(815301076,1909f56bfc062723c751e8b465ee728b)
Start importing Assets/Prefabs/StartRoom.prefab using Guid(e5cc7c652e4c596478da60701bb1c9d2) Importer(815301076,1909f56bfc062723c751e8b465ee728b)  -> (artifact id: '15c5ca5083c737a9f2a4c9181b486dd8') in 0.063035 seconds
  Import took 0.068089 seconds .

========================================================================
Received Import Request.
  Time since last request: 0.000192 seconds.
  path: Assets/Prefabs/StorageRoom.prefab
  artifactKey: Guid(368dde23b9d1ffa48b880f5af9a2afdf) Importer(815301076,1909f56bfc062723c751e8b465ee728b)
Start importing Assets/Prefabs/StorageRoom.prefab using Guid(368dde23b9d1ffa48b880f5af9a2afdf) Importer(815301076,1909f56bfc062723c751e8b465ee728b)  -> (artifact id: '446a9e594475fd6b2baf018cc486e5b2') in 0.031812 seconds
  Import took 0.036068 seconds .

========================================================================
Received Prepare
Registering precompiled user dll's ...
Registered in 0.019393 seconds.
Begin MonoManager ReloadAssembly
Native extension for WindowsStandalone target not found
Refreshing native plugins compatible for Editor in 0.64 ms, found 8 plugins.
Preloading 1 native plugins for Editor in 0.16 ms.
Warning: Annotation not found!
UnityEngine.StackTraceUtility:ExtractStackTrace ()
UnityEditor.ProBuilder.EditorUtility:SetGizmoIconEnabled (System.Type,bool) (at Library/PackageCache/com.unity.probuilder@5.0.3/Editor/EditorCore/EditorUtility.cs:575)
UnityEditor.ProBuilder.HierarchyListener:.cctor () (at Library/PackageCache/com.unity.probuilder@5.0.3/Editor/EditorCore/HierarchyListener.cs:21)
System.Runtime.CompilerServices.RuntimeHelpers:RunClassConstructor (System.RuntimeTypeHandle)
UnityEditor.EditorAssemblies:ProcessInitializeOnLoadAttributes (System.Type[])

[Library/PackageCache/com.unity.probuilder@5.0.3/Editor/EditorCore/EditorUtility.cs line 575]

NullReferenceException: Object reference not set to an instance of an object
  at Unity.XR.Oculus.OculusLoader.AssetPathToAbsolutePath (System.String assetPath) [0x00048] in C:\Users\Mojmira\Desktop\Praca inżynierska\emotion-scenes-vr\HorrorVR\Library\PackageCache\com.unity.xr.oculus@1.9.1\Runtime\OculusLoader.cs:249 
  at Unity.XR.Oculus.OculusLoader.EditorLoadOVRPlugin () [0x0007b] in C:\Users\Mojmira\Desktop\Praca inżynierska\emotion-scenes-vr\HorrorVR\Library\PackageCache\com.unity.xr.oculus@1.9.1\Runtime\OculusLoader.cs:234 

(Filename: Library/PackageCache/com.unity.xr.oculus@1.9.1/Runtime/OculusLoader.cs Line: 249)

Mono: successfully reloaded assembly
- Completed reload, in  1.202 seconds
Platform modules already initialized, skipping
Refreshing native plugins compatible for Editor in 0.71 ms, found 8 plugins.
Preloading 1 native plugins for Editor in 0.15 ms.
Unloading 2128 Unused Serialized files (Serialized files now loaded: 0)
System memory in use before: 97.7 MB.
System memory in use after: 97.7 MB.

Unloading 20 unused Assets to reduce memory usage. Loaded Objects now: 2677.
Total: 3.029300 ms (FindLiveObjects: 0.305400 ms CreateObjectMapping: 0.151700 ms MarkObjects: 2.486100 ms  DeleteObjects: 0.085000 ms)

AssetImportWorkerClient::OnTransportError - code=2 error=End of file
